{"/Users/Chuck/gSchool/projects/guest-speaker-app/src/server/app.js":{"path":"/Users/Chuck/gSchool/projects/guest-speaker-app/src/server/app.js","s":{"1":1,"2":1,"3":1,"4":1,"5":1,"6":1,"7":1,"8":1,"9":1,"10":1,"11":1,"12":1,"13":1,"14":1,"15":1,"16":1,"17":1,"18":1,"19":1,"20":1,"21":0,"22":0,"23":0,"24":1,"25":1,"26":0,"27":0,"28":1,"29":0,"30":0,"31":1},"b":{"1":[1,0],"2":[0,0],"3":[0,0]},"f":{"1":0,"2":0,"3":0},"fnMap":{"1":{"name":"(anonymous_1)","line":42,"loc":{"start":{"line":42,"column":8},"end":{"line":42,"column":33}}},"2":{"name":"(anonymous_2)","line":54,"loc":{"start":{"line":54,"column":10},"end":{"line":54,"column":40}}},"3":{"name":"(anonymous_3)","line":65,"loc":{"start":{"line":65,"column":8},"end":{"line":65,"column":38}}}},"statementMap":{"1":{"start":{"line":2,"column":0},"end":{"line":2,"column":33}},"2":{"start":{"line":3,"column":0},"end":{"line":3,"column":27}},"3":{"start":{"line":4,"column":0},"end":{"line":4,"column":39}},"4":{"start":{"line":5,"column":0},"end":{"line":5,"column":31}},"5":{"start":{"line":6,"column":0},"end":{"line":6,"column":44}},"6":{"start":{"line":7,"column":0},"end":{"line":7,"column":40}},"7":{"start":{"line":8,"column":0},"end":{"line":8,"column":27}},"8":{"start":{"line":12,"column":0},"end":{"line":12,"column":42}},"9":{"start":{"line":16,"column":0},"end":{"line":16,"column":20}},"10":{"start":{"line":20,"column":0},"end":{"line":20,"column":27}},"11":{"start":{"line":21,"column":0},"end":{"line":21,"column":36}},"12":{"start":{"line":22,"column":0},"end":{"line":22,"column":31}},"13":{"start":{"line":26,"column":0},"end":{"line":26,"column":48}},"14":{"start":{"line":30,"column":0},"end":{"line":30,"column":23}},"15":{"start":{"line":31,"column":0},"end":{"line":31,"column":27}},"16":{"start":{"line":32,"column":0},"end":{"line":32,"column":52}},"17":{"start":{"line":33,"column":0},"end":{"line":33,"column":24}},"18":{"start":{"line":34,"column":0},"end":{"line":34,"column":59}},"19":{"start":{"line":38,"column":0},"end":{"line":38,"column":21}},"20":{"start":{"line":42,"column":0},"end":{"line":46,"column":3}},"21":{"start":{"line":43,"column":2},"end":{"line":43,"column":35}},"22":{"start":{"line":44,"column":2},"end":{"line":44,"column":19}},"23":{"start":{"line":45,"column":2},"end":{"line":45,"column":12}},"24":{"start":{"line":53,"column":0},"end":{"line":61,"column":1}},"25":{"start":{"line":54,"column":2},"end":{"line":60,"column":5}},"26":{"start":{"line":55,"column":4},"end":{"line":55,"column":34}},"27":{"start":{"line":56,"column":4},"end":{"line":59,"column":7}},"28":{"start":{"line":65,"column":0},"end":{"line":71,"column":3}},"29":{"start":{"line":66,"column":2},"end":{"line":66,"column":32}},"30":{"start":{"line":67,"column":2},"end":{"line":70,"column":5}},"31":{"start":{"line":74,"column":0},"end":{"line":74,"column":21}}},"branchMap":{"1":{"line":53,"type":"if","locations":[{"start":{"line":53,"column":0},"end":{"line":53,"column":0}},{"start":{"line":53,"column":0},"end":{"line":53,"column":0}}]},"2":{"line":55,"type":"binary-expr","locations":[{"start":{"line":55,"column":15},"end":{"line":55,"column":25}},{"start":{"line":55,"column":29},"end":{"line":55,"column":32}}]},"3":{"line":66,"type":"binary-expr","locations":[{"start":{"line":66,"column":13},"end":{"line":66,"column":23}},{"start":{"line":66,"column":27},"end":{"line":66,"column":30}}]}}},"/Users/Chuck/gSchool/projects/guest-speaker-app/src/server/routes/index.js":{"path":"/Users/Chuck/gSchool/projects/guest-speaker-app/src/server/routes/index.js","s":{"1":1,"2":1,"3":1,"4":3,"5":1},"b":{},"f":{"1":3},"fnMap":{"1":{"name":"(anonymous_1)","line":4,"loc":{"start":{"line":4,"column":16},"end":{"line":4,"column":41}}}},"statementMap":{"1":{"start":{"line":1,"column":0},"end":{"line":1,"column":33}},"2":{"start":{"line":2,"column":0},"end":{"line":2,"column":30}},"3":{"start":{"line":4,"column":0},"end":{"line":6,"column":3}},"4":{"start":{"line":5,"column":2},"end":{"line":5,"column":44}},"5":{"start":{"line":8,"column":0},"end":{"line":8,"column":24}}},"branchMap":{}}}