TN:
SF:/Users/Chuck/gSchool/projects/guest-speaker-app/src/server/app.js
FN:42,(anonymous_1)
FN:54,(anonymous_2)
FN:65,(anonymous_3)
FNF:3
FNH:0
FNDA:0,(anonymous_1)
FNDA:0,(anonymous_2)
FNDA:0,(anonymous_3)
DA:2,1
DA:3,1
DA:4,1
DA:5,1
DA:6,1
DA:7,1
DA:8,1
DA:12,1
DA:16,1
DA:20,1
DA:21,1
DA:22,1
DA:26,1
DA:30,1
DA:31,1
DA:32,1
DA:33,1
DA:34,1
DA:38,1
DA:42,1
DA:43,0
DA:44,0
DA:45,0
DA:53,1
DA:54,1
DA:55,0
DA:56,0
DA:65,1
DA:66,0
DA:67,0
DA:74,1
LF:31
LH:24
BRDA:53,1,0,1
BRDA:53,1,1,0
BRDA:55,2,0,0
BRDA:55,2,1,0
BRDA:66,3,0,0
BRDA:66,3,1,0
BRF:6
BRH:1
end_of_record
TN:
SF:/Users/Chuck/gSchool/projects/guest-speaker-app/src/server/routes/index.js
FN:4,(anonymous_1)
FNF:1
FNH:1
FNDA:3,(anonymous_1)
DA:1,1
DA:2,1
DA:4,1
DA:5,3
DA:8,1
LF:5
LH:5
BRF:0
BRH:0
end_of_record
